domain.type.attribute
SIO.COM_APP.Type
SIO.COM_APP.Trusted
SIO.COM_APP.ServerAddress
SIO.COM_APP.UserID
SIO.COM_APP.GroupID
SIO.COM_APP.MaxFileSize
SIO.COM_APP.CommPartSize
SIO.COM_APP.Name
SIO.COM_APP.Trp
SIO.COM_APP.LocalPath
SIO.COM_APP.ServerPath
SIO.COM_APP.UserName
SIO.COM_APP.Password
SIO.COM_PHY_CHANNEL.NoOfBits
SIO.COM_PHY_CHANNEL.NoOfStopBits
SIO.COM_PHY_CHANNEL.Duplex
SIO.COM_PHY_CHANNEL.Baudrate
SIO.COM_PHY_CHANNEL.Parity
SIO.COM_PHY_CHANNEL.FlowControl
SIO.COM_PHY_CHANNEL.Name
SIO.COM_PHY_CHANNEL.Connector
SIO.COM_TRP.Type
SIO.COM_TRP.Name
SIO.COM_TRP.LocalAdress
SIO.COM_TRP.RemoteAdress
SIO.COM_TRP.PhyChannel
SYS.AUTO_COND_RESET.reset
SYS.AUTO_COND_RESET.name
SYS.CAB_EXEC_HOOKS.AllTasks
SYS.CAB_EXEC_HOOKS.Routine
SYS.CAB_EXEC_HOOKS.SeqNo 
SYS.CAB_EXEC_HOOKS.Task
SYS.CAB_EXEC_HOOKS.Shelf
SYS.CAB_REGAIN_DIST.Name
SYS.CAB_REGAIN_DIST.TCP_Dist
SYS.CAB_REGAIN_DIST.TCP_Rot
SYS.CAB_REGAIN_DIST.Ext_Dist 
SYS.CAB_REGAIN_DIST.Ext_rot
SYS.CAB_TASK_MODULES.Installed
SYS.CAB_TASK_MODULES.Shared
SYS.CAB_TASK_MODULES.AllTask
SYS.CAB_TASK_MODULES.Hidden
SYS.CAB_TASK_MODULES.File
SYS.CAB_TASK_MODULES.Task
SYS.CAB_TASKS.BindRef
SYS.CAB_TASKS.MotionTask
SYS.CAB_TASKS.Hidden
SYS.CAB_TASKS.Type
SYS.CAB_TASKS.RmqType
SYS.CAB_TASKS.RmqMaxMsgSize
SYS.CAB_TASKS.RmqMaxNoOfMsg
SYS.CAB_TASKS.Name
SYS.CAB_TASKS.Task_in_forground
SYS.CAB_TASKS.Entry
SYS.CAB_TASKS.TrustLevel
SYS.CAB_TASKS.UseMechanicalUnitGroup
SYS.HOTEDIT_MODPOS.name
SYS.HOTEDIT_MODPOS.type
SYS.HOTEDIT_MODPOS.mode
SYS.HOTEDIT_MODPOS.ifauto
SYS.HOTEDIT_MODPOS.limittrans
SYS.HOTEDIT_MODPOS.limitrot
SYS.HOTEDIT_MODPOS.limitexttrans
SYS.HOTEDIT_MODPOS.limitextrot
SYS.MASTER_BOOL.Name
SYS.MASTER_BOOL.Select
SYS.MECHANICAL_UNIT_GROUP.Name
SYS.MECHANICAL_UNIT_GROUP.Robot
SYS.MECHANICAL_UNIT_GROUP.MechanicalUnit_x
SYS.MECHANICAL_UNIT_GROUP.UseMotionPlanner
SYS.RUN_MODE_SETTINGS.name
SYS.RUN_MODE_SETTINGS.SwitchTo
SYS.RUNCHN_BOOL.Select
SYS.RUNCHN_BOOL.Name
SYS.SYS_MISC.name
SYS.SYS_MISC.value
EIO.EIO_ACCESS.Rapid
EIO.EIO_ACCESS.LocalManual
EIO.EIO_ACCESS.LocalAuto
EIO.EIO_ACCESS.RemoteManual
EIO.EIO_ACCESS.RemoteAuto
EIO.EIO_ACCESS.Name
EIO.EIO_BUS.AutomaticBusRestartDisabled
EIO.EIO_BUS.RecoveryTime
EIO.EIO_BUS.Name
EIO.EIO_BUS.ConnectorLabel
EIO.EIO_BUS.CfgPath
EIO.EIO_BUS.BusType
EIO.EIO_BUS.ConnectorID
EIO.EIO_COMMAND.Unit
EIO.EIO_COMMAND.CommandType
EIO.EIO_COMMAND.Value
EIO.EIO_COMMAND_TYPE.UnitType
EIO.EIO_COMMAND_TYPE.DefValue
EIO.EIO_COMMAND_TYPE.OrderNr
EIO.EIO_COMMAND_TYPE.Name
EIO.EIO_CROSS.Act1_invert
EIO.EIO_CROSS.Act2_invert
EIO.EIO_CROSS.Act3_invert
EIO.EIO_CROSS.Act4_invert
EIO.EIO_CROSS.Act5_invert
EIO.EIO_CROSS.Res
EIO.EIO_CROSS.Act1
EIO.EIO_CROSS.Act2
EIO.EIO_CROSS.Act3
EIO.EIO_CROSS.Act4
EIO.EIO_CROSS.Act5
EIO.EIO_CROSS.Oper1
EIO.EIO_CROSS.Oper2
EIO.EIO_CROSS.Oper3
EIO.EIO_CROSS.Oper4
EIO.EIO_SIGNAL.Store
EIO.EIO_SIGNAL.Invert
EIO.EIO_SIGNAL.EncType
EIO.EIO_SIGNAL.SysfailReset
EIO.EIO_SIGNAL.Unit
EIO.EIO_SIGNAL.Default
EIO.EIO_SIGNAL.FiltPas
EIO.EIO_SIGNAL.FiltAct
EIO.EIO_SIGNAL.MaxLog
EIO.EIO_SIGNAL.MaxPhys
EIO.EIO_SIGNAL.MaxPhysLimit
EIO.EIO_SIGNAL.MaxBitVal
EIO.EIO_SIGNAL.MinLog
EIO.EIO_SIGNAL.MinPhys
EIO.EIO_SIGNAL.MinPhysLimit
EIO.EIO_SIGNAL.MinBitVal
EIO.EIO_SIGNAL.Name
EIO.EIO_SIGNAL.SignalLabel
EIO.EIO_SIGNAL.UnitMap
EIO.EIO_SIGNAL.Category
EIO.EIO_SIGNAL.Access
EIO.EIO_SIGNAL.SignalType
EIO.EIO_UNIT.Disabled
EIO.EIO_UNIT.StoreLogicalState
EIO.EIO_UNIT.RegainCommunicationReset
EIO.EIO_UNIT.UnitType
EIO.EIO_UNIT.Bus
EIO.EIO_UNIT.Name
EIO.EIO_UNIT.UnitLabel
EIO.EIO_UNIT.TrustLevel
EIO.EIO_UNIT_TYPE.InternalSlave
EIO.EIO_UNIT_TYPE.Name
EIO.EIO_UNIT_TYPE.BusType
EIO.EIO_UNIT_TYPE.VendorName
EIO.EIO_UNIT_TYPE.ProductName
EIO.SYSSIG_IN.Arg2
EIO.SYSSIG_IN.Signal
EIO.SYSSIG_IN.Action
EIO.SYSSIG_IN.Arg1
EIO.SYSSIG_OUT.Arg2
EIO.SYSSIG_OUT.Signal
EIO.SYSSIG_OUT.Status
EIO.SYSSIG_OUT.Arg1
MMC.AUTO_SWITCH_OF_JOG_UNIT.enabled
MMC.IO_MOST_COMMON.name
MMC.IO_MOST_COMMON.type
MMC.MMC_MC1.only_mec_task
MMC.MMC_MC1.param_nr
MMC.MMC_MC1.alt_nr
MMC.MMC_MC1.name
MMC.MMC_MC1.instr_name
MMC.MMC_MC2.only_mec_task
MMC.MMC_MC2.param_nr
MMC.MMC_MC2.alt_nr
MMC.MMC_MC2.name
MMC.MMC_MC2.instr_name
MMC.MMC_MC3.only_mec_task
MMC.MMC_MC3.param_nr
MMC.MMC_MC3.alt_nr
MMC.MMC_MC3.name
MMC.MMC_MC3.instr_name
MMC.PROD_PERMISSION.name
MMC.PROD_PERMISSION.permission
MMC.WARN_AT_START.Warn
MMC.WARN_AT_START.Visible
MOC.ACC_DATA.wc_acc
MOC.ACC_DATA.wc_dec
MOC.ACC_DATA.wc_dacc_ratio
MOC.ACC_DATA.wc_ddec_ratio
MOC.ACC_DATA.name
MOC.ARM.independent_joint_on
MOC.ARM.upper_joint_bound
MOC.ARM.lower_joint_bound
MOC.ARM.ind_upper_joint_bound
MOC.ARM.ind_lower_joint_bound
MOC.ARM.cal_position
MOC.ARM.load_id_acc_ratio
MOC.ARM.performance_quota
MOC.ARM.supervision_jam_time_factor
MOC.ARM.supervision_load_factor
MOC.ARM.supervision_speed_factor
MOC.ARM.supervision_pos_factor
MOC.ARM.ext_const_torque
MOC.ARM.ext_prop_torque
MOC.ARM.ext_prop_zero_angle
MOC.ARM.angle_acc_ratio
MOC.ARM.Name
MOC.ARM_CHECK_POINT.position_x
MOC.ARM_CHECK_POINT.position_y
MOC.ARM_CHECK_POINT.position_z
MOC.ARM_CHECK_POINT.name
MOC.ARM_LOAD.mass
MOC.ARM_LOAD.mass_centre_x
MOC.ARM_LOAD.mass_centre_y
MOC.ARM_LOAD.mass_centre_z
MOC.ARM_LOAD.inertia_x
MOC.ARM_LOAD.inertia_y
MOC.ARM_LOAD.inertia_z
MOC.ARM_LOAD.name
MOC.BRAKE.control_off_speed_limit
MOC.BRAKE.control_off_delay_time
MOC.BRAKE.brake_control_on_delay_time
MOC.BRAKE.brake_control_on_min_delay_time
MOC.BRAKE.absolute_brake_torque
MOC.BRAKE.brake_ramp_speed_limit
MOC.BRAKE.name
MOC.CFRIC_BLOCK.friction_ffw_on
MOC.CFRIC_BLOCK.friction_ffw_level
MOC.CFRIC_BLOCK.friction_ffw_ramp
MOC.CFRIC_BLOCK.name
MOC.CONTROL_PARAMETERS.friction_ffw_on
MOC.CONTROL_PARAMETERS.friction_ffw_level
MOC.CONTROL_PARAMETERS.friction_ffw_ramp
MOC.CONTROL_PARAMETERS.name
MOC.DRIVE_MODULE.number
MOC.DRIVE_MODULE.name
MOC.DRIVE_SYSTEM.current_vector_on
MOC.DRIVE_SYSTEM.name
MOC.DRIVE_SYSTEM.use_drive_unit
MOC.FORCE_MASTER.ramp_time_switch
MOC.FORCE_MASTER.ramp_to_real_contact
MOC.FORCE_MASTER.bandwidth_ramping
MOC.FORCE_MASTER.ramp_torque_ref_closing
MOC.FORCE_MASTER.ramp_time
MOC.FORCE_MASTER.bandwidth_lp
MOC.FORCE_MASTER.alarm_torque
MOC.FORCE_MASTER.col_speed
MOC.FORCE_MASTER.distance_to_contact_position
MOC.FORCE_MASTER.force_ready_detection_bandwidth
MOC.FORCE_MASTER.delay_ramp
MOC.FORCE_MASTER.name
MOC.FORCE_MASTER.use_force_master_control
MOC.FORCE_MASTER_CONTROL.no_of_posts
MOC.FORCE_MASTER_CONTROL.torque_1
MOC.FORCE_MASTER_CONTROL.torque_2
MOC.FORCE_MASTER_CONTROL.torque_3
MOC.FORCE_MASTER_CONTROL.torque_4
MOC.FORCE_MASTER_CONTROL.torque_5
MOC.FORCE_MASTER_CONTROL.torque_6
MOC.FORCE_MASTER_CONTROL.speed_lim_1
MOC.FORCE_MASTER_CONTROL.speed_lim_2
MOC.FORCE_MASTER_CONTROL.speed_lim_3
MOC.FORCE_MASTER_CONTROL.speed_lim_4
MOC.FORCE_MASTER_CONTROL.speed_lim_5
MOC.FORCE_MASTER_CONTROL.speed_lim_6
MOC.FORCE_MASTER_CONTROL.Kv_1
MOC.FORCE_MASTER_CONTROL.Kv_2
MOC.FORCE_MASTER_CONTROL.Kv_3
MOC.FORCE_MASTER_CONTROL.Kv_4
MOC.FORCE_MASTER_CONTROL.Kv_5
MOC.FORCE_MASTER_CONTROL.Kv_6
MOC.FORCE_MASTER_CONTROL.name
MOC.JOG_PARAMETERS.linear_step_size
MOC.JOG_PARAMETERS.reorient_step_size
MOC.JOG_PARAMETERS.joint_step_size
MOC.JOG_PARAMETERS.Name
MOC.JOINT.lock_joint_in_ipol
MOC.JOINT.logical_axis
MOC.JOINT.use_process
MOC.JOINT.follower_to_joint
MOC.JOINT.name
MOC.LCM0.use_inpos_forced_control
MOC.LCM0.notch_filter_active
MOC.LCM0.notch_auto_mode
MOC.LCM0.Kp
MOC.LCM0.Kv
MOC.LCM0.Ti
MOC.LCM0.Kp_forced_factor
MOC.LCM0.Ki_forced_factor
MOC.LCM0.Kp_raise_time
MOC.LCM0.notch_filter_frequency
MOC.LCM0.notch_filter_width
MOC.LCM0.notch_auto_no_weave_freq
MOC.LCM0.notch_auto_min_frequency
MOC.LCM0.notch_auto_max_rel_change
MOC.LCM0.ffw_mode
MOC.LCM0.bandwidth
MOC.LCM0.resonance_frequency
MOC.LCM0.resonance_damping
MOC.LCM0.delay_time
MOC.LCM0.inertia
MOC.LCM0.soft_servo_K_max_factor
MOC.LCM0.soft_servo_K_min_factor
MOC.LCM0.soft_servo_Kp_Kv_ratio_factor
MOC.LCM0.soft_servo_t_ramp
MOC.LCM0.name
MOC.LINKED_M_PROCESS.name
MOC.LINKED_M_PROCESS.offset_adj_delay_time
MOC.LINKED_M_PROCESS.max_offset
MOC.LINKED_M_PROCESS.max_offset_speed
MOC.LINKED_M_PROCESS.offset_speed_ratio
MOC.LINKED_M_PROCESS.ramp_time
MOC.LINKED_M_PROCESS.kp_offset
MOC.MAINS.u_tolerance_min
MOC.MAINS.u_tolerance_max
MOC.MAINS.name
MOC.MEASUREMENT_CHANNEL.disconnect_at_deactivate
MOC.MEASUREMENT_CHANNEL.measurement_link
MOC.MEASUREMENT_CHANNEL.board_position
MOC.MEASUREMENT_CHANNEL.name
MOC.MEASUREMENT_CHANNEL.use_measurement_board_type
MOC.MECHANICAL_UNIT.allow_move_of_user_frame
MOC.MECHANICAL_UNIT.activate_at_start_up
MOC.MECHANICAL_UNIT.deactivation_forbidden
MOC.MECHANICAL_UNIT.deactivate_ptc_at_disconnect
MOC.MECHANICAL_UNIT.allow_activation_from_any_motion_task 
MOC.MECHANICAL_UNIT.name
MOC.MECHANICAL_UNIT.use_activation_relay
MOC.MECHANICAL_UNIT.use_brake_relay
MOC.MECHANICAL_UNIT.use_connection_relay
MOC.MECHANICAL_UNIT.use_robot
MOC.MECHANICAL_UNIT.use_single_0
MOC.MECHANICAL_UNIT.use_single_1
MOC.MECHANICAL_UNIT.use_single_2
MOC.MECHANICAL_UNIT.use_single_3
MOC.MECHANICAL_UNIT.use_single_4
MOC.MECHANICAL_UNIT.use_single_5
MOC.MOTION_PLANNER.restricted_circlepoint
MOC.MOTION_PLANNER.motion_sup_permanent_off
MOC.MOTION_PLANNER.remove_corner_path_warning
MOC.MOTION_PLANNER.require_event_accuracy
MOC.MOTION_PLANNER.high_interpolation_priority
MOC.MOTION_PLANNER.speed_control_warning
MOC.MOTION_PLANNER.brake_on_timeout
MOC.MOTION_PLANNER.dynamic_resolution
MOC.MOTION_PLANNER.path_resolution
MOC.MOTION_PLANNER.std_servo_queue_time
MOC.MOTION_PLANNER.teach_mode_max_speed
MOC.MOTION_PLANNER.process_linearization_time
MOC.MOTION_PLANNER.ipol_prefetch_time
MOC.MOTION_PLANNER.event_preset_time
MOC.MOTION_PLANNER.cpu_load_equalization
MOC.MOTION_PLANNER.motion_sup_max_level
MOC.MOTION_PLANNER.speed_control_percent
MOC.MOTION_PLANNER.name
MOC.MOTION_PLANNER.use_motion_sup
MOC.MOTION_SUP.path_col_detect_on
MOC.MOTION_SUP.jog_col_detect_on
MOC.MOTION_SUP.manipulator_supervision_on
MOC.MOTION_SUP.name
MOC.MOTION_SUP.path_col_detect_level
MOC.MOTION_SUP.jog_col_detect_level
MOC.MOTION_SUP.collision_detection_memory
MOC.MOTION_SUP.manipulator_supervision_level
MOC.MOTION_SYSTEM.min_temp_ambient_cabinet
MOC.MOTION_SYSTEM.max_temp_ambient_cabinet
MOC.MOTION_SYSTEM.min_temp_ambient_robot
MOC.MOTION_SYSTEM.max_temp_ambient_robot
MOC.MOTION_SYSTEM.name
MOC.MOTOR.name
MOC.MOTOR.use_motor_type
MOC.MOTOR.use_motor_calib
MOC.MOTOR_CALIB.valid_com_offset
MOC.MOTOR_CALIB.valid_cal_offset
MOC.MOTOR_CALIB.com_offset
MOC.MOTOR_CALIB.cal_offset
MOC.MOTOR_CALIB.cal_sensor_position
MOC.MOTOR_CALIB.name
MOC.MOTOR_TYPE.pole_pairs
MOC.MOTOR_TYPE.torque_0
MOC.MOTOR_TYPE.ke
MOC.MOTOR_TYPE.i_max
MOC.MOTOR_TYPE.r_stator_20
MOC.MOTOR_TYPE.l_stator
MOC.MOTOR_TYPE.name
MOC.PATH_SENSOR_SYNC.max_adv_dist_for_decel
MOC.PATH_SENSOR_SYNC.max_delay_dist_for_decel
MOC.PATH_SENSOR_SYNC.max_sync_speed
MOC.PATH_SENSOR_SYNC.min_sync_speed
MOC.PATH_SENSOR_SYNC.name
MOC.PATH_SENSOR_SYNC.sync_type
MOC.PROCESS.name
MOC.PROCESS.use_sg_process
MOC.PROCESS.use_linked_m_proc
MOC.RELAY.Out_signal
MOC.RELAY.in_signal
MOC.ROBOT.name
MOC.ROBOT.use_old_smb
MOC.ROBOT.use_six_axis_corvec
MOC.ROBOT.track_convey_with_robot
MOC.ROBOT.base_frame_pos_x
MOC.ROBOT.base_frame_pos_y
MOC.ROBOT.base_frame_pos_z
MOC.ROBOT.base_frame_orient_u0
MOC.ROBOT.base_frame_orient_u1
MOC.ROBOT.base_frame_orient_u2
MOC.ROBOT.base_frame_orient_u3
MOC.ROBOT.gravity_alpha
MOC.ROBOT.gravity_beta
MOC.ROBOT.gamma_rotation
MOC.ROBOT.upper_work_area_x
MOC.ROBOT.upper_work_area_y
MOC.ROBOT.upper_work_area_z
MOC.ROBOT.lower_work_area_x
MOC.ROBOT.lower_work_area_y
MOC.ROBOT.lower_work_area_z
MOC.ROBOT.upper_arm_cp_bound_x
MOC.ROBOT.upper_arm_cp_bound_y
MOC.ROBOT.upper_arm_cp_bound_z
MOC.ROBOT.lower_arm_cp_bound_x
MOC.ROBOT.lower_arm_cp_bound_y
MOC.ROBOT.lower_arm_cp_bound_z
MOC.ROBOT.time_to_inpos
MOC.ROBOT.use_joint_0
MOC.ROBOT.use_joint_1
MOC.ROBOT.use_joint_2
MOC.ROBOT.use_joint_3
MOC.ROBOT.use_joint_4
MOC.ROBOT.use_joint_5
MOC.ROBOT.base_frame_coordinated
MOC.ROBOT.seven_axes_hp_motion
MOC.ROBOT_SERIAL_NUMBER.robot_serial_number_low_part
MOC.ROBOT_SERIAL_NUMBER.name
MOC.ROBOT_SERIAL_NUMBER.robot_serial_number_high_part
MOC.SG_PROCESS.sync_check_off
MOC.SG_PROCESS.min_close_time_adjust
MOC.SG_PROCESS.close_position_adjust
MOC.SG_PROCESS.pre_sync_delay_time
MOC.SG_PROCESS.max_motor_torque
MOC.SG_PROCESS.post_sync_time
MOC.SG_PROCESS.calib_mode
MOC.SG_PROCESS.calib_force_high
MOC.SG_PROCESS.calib_force_low
MOC.SG_PROCESS.calib_time
MOC.SG_PROCESS.no_of_active_db_posts
MOC.SG_PROCESS.squeeze_force_1
MOC.SG_PROCESS.squeeze_force_2
MOC.SG_PROCESS.squeeze_force_3
MOC.SG_PROCESS.squeeze_force_4
MOC.SG_PROCESS.squeeze_force_5
MOC.SG_PROCESS.squeeze_force_6
MOC.SG_PROCESS.squeeze_force_7
MOC.SG_PROCESS.squeeze_force_8
MOC.SG_PROCESS.squeeze_force_9
MOC.SG_PROCESS.squeeze_force_10
MOC.SG_PROCESS.squeeze_torque_1
MOC.SG_PROCESS.squeeze_torque_2
MOC.SG_PROCESS.squeeze_torque_3
MOC.SG_PROCESS.squeeze_torque_4
MOC.SG_PROCESS.squeeze_torque_5
MOC.SG_PROCESS.squeeze_torque_6
MOC.SG_PROCESS.squeeze_torque_7
MOC.SG_PROCESS.squeeze_torque_8
MOC.SG_PROCESS.squeeze_torque_9
MOC.SG_PROCESS.squeeze_torque_10
MOC.SG_PROCESS.soft_stop_timeout
MOC.SG_PROCESS.name
MOC.SG_PROCESS.use_force_master
MOC.SINGLE.base_frame_pos_x
MOC.SINGLE.base_frame_pos_y
MOC.SINGLE.base_frame_pos_z
MOC.SINGLE.base_frame_orient_u0
MOC.SINGLE.base_frame_orient_u1
MOC.SINGLE.base_frame_orient_u2
MOC.SINGLE.base_frame_orient_u3
MOC.SINGLE.name
MOC.SINGLE.use_single_type
MOC.SINGLE.use_joint
MOC.SINGLE.base_frame_coordinated
MOC.SINGLE_TYPE.name
MOC.SINGLE_TYPE.mechanics
MOC.SIS_EXTERNAL.prod_time_service_interval
MOC.SIS_EXTERNAL.calender_time_service_interval
MOC.SIS_EXTERNAL.prod_time_warning_level
MOC.SIS_EXTERNAL.calender_time_warning_level
MOC.SIS_EXTERNAL.gear_box_warning_level
MOC.SIS_EXTERNAL.name
MOC.SIS_EXTERNAL_SINGLE.prod_time_service_interval
MOC.SIS_EXTERNAL_SINGLE.calender_time_service_interval
MOC.SIS_EXTERNAL_SINGLE.prod_time_warning_level
MOC.SIS_EXTERNAL_SINGLE.calender_time_warning_level
MOC.SIS_EXTERNAL_SINGLE.gear_box_warning_level
MOC.SIS_EXTERNAL_SINGLE.name
MOC.STRESS_DUTY_CYCLE.speed_absolute_max
MOC.STRESS_DUTY_CYCLE.torque_absolute_max
MOC.STRESS_DUTY_CYCLE.name
MOC.SUPERVISION.brake_release_supervision_on
MOC.SUPERVISION.speed_supervision_on
MOC.SUPERVISION.position_supervision_on
MOC.SUPERVISION.counter_supervision_on
MOC.SUPERVISION.jam_supervision_on
MOC.SUPERVISION.load_supervision_on
MOC.SUPERVISION.power_up_position_on
MOC.SUPERVISION.joint_affect_forced_Kp
MOC.SUPERVISION.in_position_range
MOC.SUPERVISION.normalized_zero_speed
MOC.SUPERVISION.Kp_forced_on_limit
MOC.SUPERVISION.Kp_forced_off_limit
MOC.SUPERVISION.name
MOC.SUPERVISION_TYPE.fc_position_limit
MOC.SUPERVISION_TYPE.fc_speed_limit_factor
MOC.SUPERVISION_TYPE.dynamic_power_up_position_limit
MOC.SUPERVISION_TYPE.teach_mode_speed_max_main
MOC.SUPERVISION_TYPE.max_jam_time
MOC.SUPERVISION_TYPE.max_overload_time
MOC.SUPERVISION_TYPE.teach_normalized_low_speed
MOC.SUPERVISION_TYPE.auto_mode_max_speed_sup_limit
MOC.SUPERVISION_TYPE.influence_group
MOC.SUPERVISION_TYPE.brake_release_position_alarm_limit
MOC.SUPERVISION_TYPE.brake_release_position_ok_ratio
MOC.SUPERVISION_TYPE.name
MOC.TRANSMISSION.rotating_move
MOC.TRANSMISSION.transm_joint
MOC.TRANSMISSION.high_gear
MOC.TRANSMISSION.low_gear
MOC.TRANSMISSION.name
MOC.UCCM0.Kp
MOC.UCCM0.Kv
MOC.UCCM0.Ti
MOC.UCCM0.speed_max_n
MOC.UCCM0.acc_max_n
MOC.UCCM0.dec_max_n
MOC.UCCM0.name
